[ 2013-08-14T20:46:58+08:00 ] 127.0.0.1 /
INFO: [ app_begin ] --START--
INFO: Run ReadHtmlCache Behavior [ RunTime:0.001000s ]
INFO: [ app_begin ] --END-- [ RunTime:0.004000s ]
SQL: SHOW COLUMNS FROM `think_ad` [ RunTime:0.071004s ]
SQL: SELECT * FROM `think_ad` ORDER BY id desc   [ RunTime:0.001000s ]
SQL: SHOW COLUMNS FROM `think_ban` [ RunTime:0.056003s ]
SQL: SELECT * FROM `think_ban` ORDER BY ban_order desc ,id asc   [ RunTime:0.001001s ]
SQL: SHOW COLUMNS FROM `think_shop` [ RunTime:0.017001s ]
SQL: SELECT * FROM `think_shop` WHERE ( is_hot=1  ) ORDER BY shop_order desc ,id desc LIMIT 6   [ RunTime:0.020001s ]
SQL: SELECT * FROM `think_shop` WHERE ( is_hot=0  ) ORDER BY shop_order desc ,id desc LIMIT 6   [ RunTime:0.001000s ]
SQL: SHOW COLUMNS FROM `think_order` [ RunTime:0.022001s ]
SQL: SELECT * FROM `think_order` ORDER BY id desc LIMIT 10   [ RunTime:0.008000s ]
SQL: SHOW COLUMNS FROM `think_news` [ RunTime:0.026001s ]
SQL: SELECT * FROM `think_news` WHERE ( `newstype` = 0 ) AND ( `ishot` = 1 ) ORDER BY ishot desc,createtime desc LIMIT 10   [ RunTime:0.009001s ]
SQL: SELECT * FROM `think_news` WHERE ( `newstype` = 0 ) AND ( `ishot` = 0 ) ORDER BY createtime desc  LIMIT 10   [ RunTime:0.001000s ]
INFO: [ view_template ] --START--
INFO: Run LocationTemplate Behavior [ RunTime:0.003000s ]
INFO: [ view_template ] --END-- [ RunTime:0.003000s ]
INFO: [ view_parse ] --START--
NOTIC: [8] Undefined index: car E:\aixin\1201\Home\Runtime\Cache\7e4848229090366086cc7eeb3bfc0798.php 第 39 行.
NOTIC: [8] Undefined index: banid E:\aixin\1201\Home\Runtime\Cache\7e4848229090366086cc7eeb3bfc0798.php 第 79 行.
NOTIC: [8] Undefined index: banid E:\aixin\1201\Home\Runtime\Cache\7e4848229090366086cc7eeb3bfc0798.php 第 79 行.
NOTIC: [8] Undefined index: banid E:\aixin\1201\Home\Runtime\Cache\7e4848229090366086cc7eeb3bfc0798.php 第 79 行.
NOTIC: [8] Undefined index: banid E:\aixin\1201\Home\Runtime\Cache\7e4848229090366086cc7eeb3bfc0798.php 第 79 行.
NOTIC: [8] Undefined index: banid E:\aixin\1201\Home\Runtime\Cache\7e4848229090366086cc7eeb3bfc0798.php 第 79 行.
NOTIC: [8] Undefined index: car E:\aixin\1201\Home\Runtime\Cache\7e4848229090366086cc7eeb3bfc0798.php 第 149 行.
INFO: Run ParseTemplate Behavior [ RunTime:0.116007s ]
INFO: [ view_parse ] --END-- [ RunTime:0.116007s ]
INFO: [ view_filter ] --START--
INFO: Run ContentReplace Behavior [ RunTime:0.002000s ]
INFO: Run TokenBuild Behavior [ RunTime:0.001000s ]
INFO: Run WriteHtmlCache Behavior [ RunTime:0.001000s ]
INFO: Run ShowRuntime Behavior [ RunTime:0.002000s ]
INFO: [ view_filter ] --END-- [ RunTime:0.006000s ]
INFO: [ view_end ] --START--
INFO: Run ShowPageTrace Behavior [ RunTime:0.001000s ]
INFO: [ view_end ] --END-- [ RunTime:0.001000s ]

[ 2013-08-14T20:47:54+08:00 ] 127.0.0.1 /
INFO: [ app_begin ] --START--
INFO: Run ReadHtmlCache Behavior [ RunTime:0.001000s ]
INFO: [ app_begin ] --END-- [ RunTime:0.002000s ]
SQL: SHOW COLUMNS FROM `think_ad` [ RunTime:0.004000s ]
SQL: SELECT * FROM `think_ad` ORDER BY id desc   [ RunTime:0.001000s ]
SQL: SHOW COLUMNS FROM `think_ban` [ RunTime:0.003000s ]
SQL: SELECT * FROM `think_ban` ORDER BY ban_order desc ,id asc   [ RunTime:0.001000s ]
SQL: SHOW COLUMNS FROM `think_shop` [ RunTime:0.005000s ]
SQL: SELECT * FROM `think_shop` WHERE ( is_hot=1  ) ORDER BY shop_order desc ,id desc LIMIT 6   [ RunTime:0.001000s ]
SQL: SELECT * FROM `think_shop` WHERE ( is_hot=0  ) ORDER BY shop_order desc ,id desc LIMIT 6   [ RunTime:0.000000s ]
SQL: SHOW COLUMNS FROM `think_order` [ RunTime:0.004001s ]
SQL: SELECT * FROM `think_order` ORDER BY id desc LIMIT 10   [ RunTime:0.001000s ]
SQL: SHOW COLUMNS FROM `think_news` [ RunTime:0.005000s ]
SQL: SELECT * FROM `think_news` WHERE ( `newstype` = 0 ) AND ( `ishot` = 1 ) ORDER BY ishot desc,createtime desc LIMIT 10   [ RunTime:0.001000s ]
SQL: SELECT * FROM `think_news` WHERE ( `newstype` = 0 ) AND ( `ishot` = 0 ) ORDER BY createtime desc  LIMIT 10   [ RunTime:0.001000s ]
INFO: [ view_template ] --START--
INFO: Run LocationTemplate Behavior [ RunTime:0.000000s ]
INFO: [ view_template ] --END-- [ RunTime:0.002001s ]
INFO: [ view_parse ] --START--
NOTIC: [8] Undefined index: car E:\aixin\1201\Home\Runtime\Cache\7e4848229090366086cc7eeb3bfc0798.php 第 39 行.
NOTIC: [8] Undefined index: banid E:\aixin\1201\Home\Runtime\Cache\7e4848229090366086cc7eeb3bfc0798.php 第 79 行.
NOTIC: [8] Undefined index: banid E:\aixin\1201\Home\Runtime\Cache\7e4848229090366086cc7eeb3bfc0798.php 第 79 行.
NOTIC: [8] Undefined index: banid E:\aixin\1201\Home\Runtime\Cache\7e4848229090366086cc7eeb3bfc0798.php 第 79 行.
NOTIC: [8] Undefined index: banid E:\aixin\1201\Home\Runtime\Cache\7e4848229090366086cc7eeb3bfc0798.php 第 79 行.
NOTIC: [8] Undefined index: banid E:\aixin\1201\Home\Runtime\Cache\7e4848229090366086cc7eeb3bfc0798.php 第 79 行.
NOTIC: [8] Undefined index: car E:\aixin\1201\Home\Runtime\Cache\7e4848229090366086cc7eeb3bfc0798.php 第 149 行.
INFO: Run ParseTemplate Behavior [ RunTime:0.056003s ]
INFO: [ view_parse ] --END-- [ RunTime:0.057003s ]
INFO: [ view_filter ] --START--
INFO: Run ContentReplace Behavior [ RunTime:0.002000s ]
INFO: Run TokenBuild Behavior [ RunTime:0.001000s ]
INFO: Run WriteHtmlCache Behavior [ RunTime:0.000000s ]
INFO: Run ShowRuntime Behavior [ RunTime:0.002000s ]
INFO: [ view_filter ] --END-- [ RunTime:0.006000s ]
INFO: [ view_end ] --START--
INFO: Run ShowPageTrace Behavior [ RunTime:0.002000s ]
INFO: [ view_end ] --END-- [ RunTime:0.002000s ]

[ 2013-08-14T20:47:55+08:00 ] 127.0.0.1 /
INFO: [ app_begin ] --START--
INFO: Run ReadHtmlCache Behavior [ RunTime:0.001001s ]
INFO: [ app_begin ] --END-- [ RunTime:0.003001s ]
SQL: SHOW COLUMNS FROM `think_ad` [ RunTime:0.005000s ]
SQL: SELECT * FROM `think_ad` ORDER BY id desc   [ RunTime:0.000000s ]
SQL: SHOW COLUMNS FROM `think_ban` [ RunTime:0.003000s ]
SQL: SELECT * FROM `think_ban` ORDER BY ban_order desc ,id asc   [ RunTime:0.000000s ]
SQL: SHOW COLUMNS FROM `think_shop` [ RunTime:0.005000s ]
SQL: SELECT * FROM `think_shop` WHERE ( is_hot=1  ) ORDER BY shop_order desc ,id desc LIMIT 6   [ RunTime:0.001000s ]
SQL: SELECT * FROM `think_shop` WHERE ( is_hot=0  ) ORDER BY shop_order desc ,id desc LIMIT 6   [ RunTime:0.001000s ]
SQL: SHOW COLUMNS FROM `think_order` [ RunTime:0.008000s ]
SQL: SELECT * FROM `think_order` ORDER BY id desc LIMIT 10   [ RunTime:0.001000s ]
SQL: SHOW COLUMNS FROM `think_news` [ RunTime:0.004001s ]
SQL: SELECT * FROM `think_news` WHERE ( `newstype` = 0 ) AND ( `ishot` = 1 ) ORDER BY ishot desc,createtime desc LIMIT 10   [ RunTime:0.000000s ]
SQL: SELECT * FROM `think_news` WHERE ( `newstype` = 0 ) AND ( `ishot` = 0 ) ORDER BY createtime desc  LIMIT 10   [ RunTime:0.001000s ]
INFO: [ view_template ] --START--
INFO: Run LocationTemplate Behavior [ RunTime:0.001000s ]
INFO: [ view_template ] --END-- [ RunTime:0.001000s ]
INFO: [ view_parse ] --START--
NOTIC: [8] Undefined index: car E:\aixin\1201\Home\Runtime\Cache\7e4848229090366086cc7eeb3bfc0798.php 第 39 行.
NOTIC: [8] Undefined index: banid E:\aixin\1201\Home\Runtime\Cache\7e4848229090366086cc7eeb3bfc0798.php 第 79 行.
NOTIC: [8] Undefined index: banid E:\aixin\1201\Home\Runtime\Cache\7e4848229090366086cc7eeb3bfc0798.php 第 79 行.
NOTIC: [8] Undefined index: banid E:\aixin\1201\Home\Runtime\Cache\7e4848229090366086cc7eeb3bfc0798.php 第 79 行.
NOTIC: [8] Undefined index: banid E:\aixin\1201\Home\Runtime\Cache\7e4848229090366086cc7eeb3bfc0798.php 第 79 行.
NOTIC: [8] Undefined index: banid E:\aixin\1201\Home\Runtime\Cache\7e4848229090366086cc7eeb3bfc0798.php 第 79 行.
NOTIC: [8] Undefined index: car E:\aixin\1201\Home\Runtime\Cache\7e4848229090366086cc7eeb3bfc0798.php 第 149 行.
INFO: Run ParseTemplate Behavior [ RunTime:0.062004s ]
INFO: [ view_parse ] --END-- [ RunTime:0.062004s ]
INFO: [ view_filter ] --START--
INFO: Run ContentReplace Behavior [ RunTime:0.001000s ]
INFO: Run TokenBuild Behavior [ RunTime:0.001000s ]
INFO: Run WriteHtmlCache Behavior [ RunTime:0.000000s ]
INFO: Run ShowRuntime Behavior [ RunTime:0.001000s ]
INFO: [ view_filter ] --END-- [ RunTime:0.006000s ]
INFO: [ view_end ] --START--
INFO: Run ShowPageTrace Behavior [ RunTime:0.002000s ]
INFO: [ view_end ] --END-- [ RunTime:0.002000s ]

[ 2013-08-14T20:47:56+08:00 ] 127.0.0.1 /
INFO: [ app_begin ] --START--
INFO: Run ReadHtmlCache Behavior [ RunTime:0.001000s ]
INFO: [ app_begin ] --END-- [ RunTime:0.002000s ]
SQL: SHOW COLUMNS FROM `think_ad` [ RunTime:0.004000s ]
SQL: SELECT * FROM `think_ad` ORDER BY id desc   [ RunTime:0.001000s ]
SQL: SHOW COLUMNS FROM `think_ban` [ RunTime:0.004000s ]
SQL: SELECT * FROM `think_ban` ORDER BY ban_order desc ,id asc   [ RunTime:0.001001s ]
SQL: SHOW COLUMNS FROM `think_shop` [ RunTime:0.005000s ]
SQL: SELECT * FROM `think_shop` WHERE ( is_hot=1  ) ORDER BY shop_order desc ,id desc LIMIT 6   [ RunTime:0.001000s ]
SQL: SELECT * FROM `think_shop` WHERE ( is_hot=0  ) ORDER BY shop_order desc ,id desc LIMIT 6   [ RunTime:0.001000s ]
SQL: SHOW COLUMNS FROM `think_order` [ RunTime:0.006001s ]
SQL: SELECT * FROM `think_order` ORDER BY id desc LIMIT 10   [ RunTime:0.001000s ]
SQL: SHOW COLUMNS FROM `think_news` [ RunTime:0.004000s ]
SQL: SELECT * FROM `think_news` WHERE ( `newstype` = 0 ) AND ( `ishot` = 1 ) ORDER BY ishot desc,createtime desc LIMIT 10   [ RunTime:0.001000s ]
SQL: SELECT * FROM `think_news` WHERE ( `newstype` = 0 ) AND ( `ishot` = 0 ) ORDER BY createtime desc  LIMIT 10   [ RunTime:0.001000s ]
INFO: [ view_template ] --START--
INFO: Run LocationTemplate Behavior [ RunTime:0.001000s ]
INFO: [ view_template ] --END-- [ RunTime:0.001000s ]
INFO: [ view_parse ] --START--
NOTIC: [8] Undefined index: car E:\aixin\1201\Home\Runtime\Cache\7e4848229090366086cc7eeb3bfc0798.php 第 39 行.
NOTIC: [8] Undefined index: banid E:\aixin\1201\Home\Runtime\Cache\7e4848229090366086cc7eeb3bfc0798.php 第 79 行.
NOTIC: [8] Undefined index: banid E:\aixin\1201\Home\Runtime\Cache\7e4848229090366086cc7eeb3bfc0798.php 第 79 行.
NOTIC: [8] Undefined index: banid E:\aixin\1201\Home\Runtime\Cache\7e4848229090366086cc7eeb3bfc0798.php 第 79 行.
NOTIC: [8] Undefined index: banid E:\aixin\1201\Home\Runtime\Cache\7e4848229090366086cc7eeb3bfc0798.php 第 79 行.
NOTIC: [8] Undefined index: banid E:\aixin\1201\Home\Runtime\Cache\7e4848229090366086cc7eeb3bfc0798.php 第 79 行.
NOTIC: [8] Undefined index: car E:\aixin\1201\Home\Runtime\Cache\7e4848229090366086cc7eeb3bfc0798.php 第 149 行.
INFO: Run ParseTemplate Behavior [ RunTime:0.062004s ]
INFO: [ view_parse ] --END-- [ RunTime:0.062004s ]
INFO: [ view_filter ] --START--
INFO: Run ContentReplace Behavior [ RunTime:0.001000s ]
INFO: Run TokenBuild Behavior [ RunTime:0.001000s ]
INFO: Run WriteHtmlCache Behavior [ RunTime:0.001000s ]
INFO: Run ShowRuntime Behavior [ RunTime:0.002000s ]
INFO: [ view_filter ] --END-- [ RunTime:0.006000s ]
INFO: [ view_end ] --START--
INFO: Run ShowPageTrace Behavior [ RunTime:0.002000s ]
INFO: [ view_end ] --END-- [ RunTime:0.002000s ]

[ 2013-08-14T20:47:59+08:00 ] 127.0.0.1 /
INFO: [ app_begin ] --START--
INFO: Run ReadHtmlCache Behavior [ RunTime:0.001000s ]
INFO: [ app_begin ] --END-- [ RunTime:0.002000s ]
SQL: SHOW COLUMNS FROM `think_ad` [ RunTime:0.004000s ]
SQL: SELECT * FROM `think_ad` ORDER BY id desc   [ RunTime:0.000000s ]
SQL: SHOW COLUMNS FROM `think_ban` [ RunTime:0.004000s ]
SQL: SELECT * FROM `think_ban` ORDER BY ban_order desc ,id asc   [ RunTime:0.001000s ]
SQL: SHOW COLUMNS FROM `think_shop` [ RunTime:0.004001s ]
SQL: SELECT * FROM `think_shop` WHERE ( is_hot=1  ) ORDER BY shop_order desc ,id desc LIMIT 6   [ RunTime:0.001000s ]
SQL: SELECT * FROM `think_shop` WHERE ( is_hot=0  ) ORDER BY shop_order desc ,id desc LIMIT 6   [ RunTime:0.001000s ]
SQL: SHOW COLUMNS FROM `think_order` [ RunTime:0.004000s ]
SQL: SELECT * FROM `think_order` ORDER BY id desc LIMIT 10   [ RunTime:0.001000s ]
SQL: SHOW COLUMNS FROM `think_news` [ RunTime:0.004001s ]
SQL: SELECT * FROM `think_news` WHERE ( `newstype` = 0 ) AND ( `ishot` = 1 ) ORDER BY ishot desc,createtime desc LIMIT 10   [ RunTime:0.001000s ]
SQL: SELECT * FROM `think_news` WHERE ( `newstype` = 0 ) AND ( `ishot` = 0 ) ORDER BY createtime desc  LIMIT 10   [ RunTime:0.001000s ]
INFO: [ view_template ] --START--
INFO: Run LocationTemplate Behavior [ RunTime:0.002000s ]
INFO: [ view_template ] --END-- [ RunTime:0.002000s ]
INFO: [ view_parse ] --START--
NOTIC: [8] Undefined index: car E:\aixin\1201\Home\Runtime\Cache\7e4848229090366086cc7eeb3bfc0798.php 第 39 行.
NOTIC: [8] Undefined index: banid E:\aixin\1201\Home\Runtime\Cache\7e4848229090366086cc7eeb3bfc0798.php 第 79 行.
NOTIC: [8] Undefined index: banid E:\aixin\1201\Home\Runtime\Cache\7e4848229090366086cc7eeb3bfc0798.php 第 79 行.
NOTIC: [8] Undefined index: banid E:\aixin\1201\Home\Runtime\Cache\7e4848229090366086cc7eeb3bfc0798.php 第 79 行.
NOTIC: [8] Undefined index: banid E:\aixin\1201\Home\Runtime\Cache\7e4848229090366086cc7eeb3bfc0798.php 第 79 行.
NOTIC: [8] Undefined index: banid E:\aixin\1201\Home\Runtime\Cache\7e4848229090366086cc7eeb3bfc0798.php 第 79 行.
NOTIC: [8] Undefined index: car E:\aixin\1201\Home\Runtime\Cache\7e4848229090366086cc7eeb3bfc0798.php 第 149 行.
INFO: Run ParseTemplate Behavior [ RunTime:0.059004s ]
INFO: [ view_parse ] --END-- [ RunTime:0.059004s ]
INFO: [ view_filter ] --START--
INFO: Run ContentReplace Behavior [ RunTime:0.001000s ]
INFO: Run TokenBuild Behavior [ RunTime:0.002000s ]
INFO: Run WriteHtmlCache Behavior [ RunTime:0.001000s ]
INFO: Run ShowRuntime Behavior [ RunTime:0.001000s ]
INFO: [ view_filter ] --END-- [ RunTime:0.005000s ]
INFO: [ view_end ] --START--
INFO: Run ShowPageTrace Behavior [ RunTime:0.001000s ]
INFO: [ view_end ] --END-- [ RunTime:0.001000s ]

[ 2013-08-14T20:48:25+08:00 ] 127.0.0.1 /
INFO: [ app_begin ] --START--
INFO: Run ReadHtmlCache Behavior [ RunTime:0.002000s ]
INFO: [ app_begin ] --END-- [ RunTime:0.002000s ]
SQL: SHOW COLUMNS FROM `think_ad` [ RunTime:0.004001s ]
SQL: SELECT * FROM `think_ad` ORDER BY id desc   [ RunTime:0.000000s ]
SQL: SHOW COLUMNS FROM `think_ban` [ RunTime:0.004000s ]
SQL: SELECT * FROM `think_ban` ORDER BY ban_order desc ,id asc   [ RunTime:0.001000s ]
SQL: SHOW COLUMNS FROM `think_shop` [ RunTime:0.004000s ]
SQL: SELECT * FROM `think_shop` WHERE ( is_hot=1  ) ORDER BY shop_order desc ,id desc LIMIT 6   [ RunTime:0.001000s ]
SQL: SELECT * FROM `think_shop` WHERE ( is_hot=0  ) ORDER BY shop_order desc ,id desc LIMIT 6   [ RunTime:0.000000s ]
SQL: SHOW COLUMNS FROM `think_order` [ RunTime:0.004000s ]
SQL: SELECT * FROM `think_order` ORDER BY id desc LIMIT 10   [ RunTime:0.001000s ]
SQL: SHOW COLUMNS FROM `think_news` [ RunTime:0.004000s ]
SQL: SELECT * FROM `think_news` WHERE ( `newstype` = 0 ) AND ( `ishot` = 1 ) ORDER BY ishot desc,createtime desc LIMIT 10   [ RunTime:0.000000s ]
SQL: SELECT * FROM `think_news` WHERE ( `newstype` = 0 ) AND ( `ishot` = 0 ) ORDER BY createtime desc  LIMIT 10   [ RunTime:0.001000s ]
INFO: [ view_template ] --START--
INFO: Run LocationTemplate Behavior [ RunTime:0.002000s ]
INFO: [ view_template ] --END-- [ RunTime:0.002000s ]
INFO: [ view_parse ] --START--
NOTIC: [8] Undefined index: car E:\aixin\1201\Home\Runtime\Cache\7e4848229090366086cc7eeb3bfc0798.php 第 39 行.
NOTIC: [8] Undefined index: banid E:\aixin\1201\Home\Runtime\Cache\7e4848229090366086cc7eeb3bfc0798.php 第 79 行.
NOTIC: [8] Undefined index: banid E:\aixin\1201\Home\Runtime\Cache\7e4848229090366086cc7eeb3bfc0798.php 第 79 行.
NOTIC: [8] Undefined index: banid E:\aixin\1201\Home\Runtime\Cache\7e4848229090366086cc7eeb3bfc0798.php 第 79 行.
NOTIC: [8] Undefined index: banid E:\aixin\1201\Home\Runtime\Cache\7e4848229090366086cc7eeb3bfc0798.php 第 79 行.
NOTIC: [8] Undefined index: banid E:\aixin\1201\Home\Runtime\Cache\7e4848229090366086cc7eeb3bfc0798.php 第 79 行.
NOTIC: [8] Undefined index: car E:\aixin\1201\Home\Runtime\Cache\7e4848229090366086cc7eeb3bfc0798.php 第 149 行.
INFO: Run ParseTemplate Behavior [ RunTime:0.058003s ]
INFO: [ view_parse ] --END-- [ RunTime:0.058003s ]
INFO: [ view_filter ] --START--
INFO: Run ContentReplace Behavior [ RunTime:0.001000s ]
INFO: Run TokenBuild Behavior [ RunTime:0.001000s ]
INFO: Run WriteHtmlCache Behavior [ RunTime:0.000000s ]
INFO: Run ShowRuntime Behavior [ RunTime:0.001001s ]
INFO: [ view_filter ] --END-- [ RunTime:0.006001s ]
INFO: [ view_end ] --START--
INFO: Run ShowPageTrace Behavior [ RunTime:0.001000s ]
INFO: [ view_end ] --END-- [ RunTime:0.001000s ]

[ 2013-08-14T20:48:44+08:00 ] 127.0.0.1 /
INFO: [ app_begin ] --START--
INFO: Run ReadHtmlCache Behavior [ RunTime:0.002000s ]
INFO: [ app_begin ] --END-- [ RunTime:0.002000s ]
SQL: SHOW COLUMNS FROM `think_ad` [ RunTime:0.004000s ]
SQL: SELECT * FROM `think_ad` ORDER BY id desc   [ RunTime:0.001000s ]
SQL: SHOW COLUMNS FROM `think_ban` [ RunTime:0.004000s ]
SQL: SELECT * FROM `think_ban` ORDER BY ban_order desc ,id asc   [ RunTime:0.001000s ]
SQL: SHOW COLUMNS FROM `think_shop` [ RunTime:0.004001s ]
SQL: SELECT * FROM `think_shop` WHERE ( is_hot=1  ) ORDER BY shop_order desc ,id desc LIMIT 6   [ RunTime:0.002000s ]
SQL: SELECT * FROM `think_shop` WHERE ( is_hot=0  ) ORDER BY shop_order desc ,id desc LIMIT 6   [ RunTime:0.001000s ]
SQL: SHOW COLUMNS FROM `think_order` [ RunTime:0.005000s ]
SQL: SELECT * FROM `think_order` ORDER BY id desc LIMIT 10   [ RunTime:0.001001s ]
SQL: SHOW COLUMNS FROM `think_news` [ RunTime:0.005000s ]
SQL: SELECT * FROM `think_news` WHERE ( `newstype` = 0 ) AND ( `ishot` = 1 ) ORDER BY ishot desc,createtime desc LIMIT 10   [ RunTime:0.000000s ]
SQL: SELECT * FROM `think_news` WHERE ( `newstype` = 0 ) AND ( `ishot` = 0 ) ORDER BY createtime desc  LIMIT 10   [ RunTime:0.000000s ]
INFO: [ view_template ] --START--
INFO: Run LocationTemplate Behavior [ RunTime:0.001000s ]
INFO: [ view_template ] --END-- [ RunTime:0.001000s ]
INFO: [ view_parse ] --START--
NOTIC: [8] Undefined index: car E:\aixin\1201\Home\Runtime\Cache\7e4848229090366086cc7eeb3bfc0798.php 第 39 行.
NOTIC: [8] Undefined index: banid E:\aixin\1201\Home\Runtime\Cache\7e4848229090366086cc7eeb3bfc0798.php 第 79 行.
NOTIC: [8] Undefined index: banid E:\aixin\1201\Home\Runtime\Cache\7e4848229090366086cc7eeb3bfc0798.php 第 79 行.
NOTIC: [8] Undefined index: banid E:\aixin\1201\Home\Runtime\Cache\7e4848229090366086cc7eeb3bfc0798.php 第 79 行.
NOTIC: [8] Undefined index: banid E:\aixin\1201\Home\Runtime\Cache\7e4848229090366086cc7eeb3bfc0798.php 第 79 行.
NOTIC: [8] Undefined index: banid E:\aixin\1201\Home\Runtime\Cache\7e4848229090366086cc7eeb3bfc0798.php 第 79 行.
NOTIC: [8] Undefined index: car E:\aixin\1201\Home\Runtime\Cache\7e4848229090366086cc7eeb3bfc0798.php 第 149 行.
INFO: Run ParseTemplate Behavior [ RunTime:0.055003s ]
INFO: [ view_parse ] --END-- [ RunTime:0.055003s ]
INFO: [ view_filter ] --START--
INFO: Run ContentReplace Behavior [ RunTime:0.002001s ]
INFO: Run TokenBuild Behavior [ RunTime:0.001000s ]
INFO: Run WriteHtmlCache Behavior [ RunTime:0.001000s ]
INFO: Run ShowRuntime Behavior [ RunTime:0.001000s ]
INFO: [ view_filter ] --END-- [ RunTime:0.005001s ]
INFO: [ view_end ] --START--
INFO: Run ShowPageTrace Behavior [ RunTime:0.001000s ]
INFO: [ view_end ] --END-- [ RunTime:0.001000s ]

[ 2013-08-14T20:54:25+08:00 ] 127.0.0.1 /
INFO: [ app_begin ] --START--
INFO: Run ReadHtmlCache Behavior [ RunTime:0.002000s ]
INFO: [ app_begin ] --END-- [ RunTime:0.002000s ]
SQL: SHOW COLUMNS FROM `think_ad` [ RunTime:0.005001s ]
SQL: SELECT * FROM `think_ad` ORDER BY id desc   [ RunTime:0.001000s ]
SQL: SHOW COLUMNS FROM `think_ban` [ RunTime:0.004000s ]
SQL: SELECT * FROM `think_ban` ORDER BY ban_order desc ,id asc   [ RunTime:0.001000s ]
SQL: SHOW COLUMNS FROM `think_shop` [ RunTime:0.006001s ]
SQL: SELECT * FROM `think_shop` WHERE ( is_hot=1  ) ORDER BY shop_order desc ,id desc LIMIT 6   [ RunTime:0.001000s ]
SQL: SELECT * FROM `think_shop` WHERE ( is_hot=0  ) ORDER BY shop_order desc ,id desc LIMIT 6   [ RunTime:0.001000s ]
SQL: SHOW COLUMNS FROM `think_order` [ RunTime:0.005000s ]
SQL: SELECT * FROM `think_order` ORDER BY id desc LIMIT 10   [ RunTime:0.001000s ]
SQL: SHOW COLUMNS FROM `think_news` [ RunTime:0.005000s ]
SQL: SELECT * FROM `think_news` WHERE ( `newstype` = 0 ) AND ( `ishot` = 1 ) ORDER BY ishot desc,createtime desc LIMIT 10   [ RunTime:0.001000s ]
SQL: SELECT * FROM `think_news` WHERE ( `newstype` = 0 ) AND ( `ishot` = 0 ) ORDER BY createtime desc  LIMIT 10   [ RunTime:0.000000s ]
INFO: [ view_template ] --START--
INFO: Run LocationTemplate Behavior [ RunTime:0.002000s ]
INFO: [ view_template ] --END-- [ RunTime:0.002000s ]
INFO: [ view_parse ] --START--
NOTIC: [8] Undefined index: car E:\aixin\1201\Home\Runtime\Cache\7e4848229090366086cc7eeb3bfc0798.php 第 39 行.
NOTIC: [8] Undefined index: banid E:\aixin\1201\Home\Runtime\Cache\7e4848229090366086cc7eeb3bfc0798.php 第 79 行.
NOTIC: [8] Undefined index: banid E:\aixin\1201\Home\Runtime\Cache\7e4848229090366086cc7eeb3bfc0798.php 第 79 行.
NOTIC: [8] Undefined index: banid E:\aixin\1201\Home\Runtime\Cache\7e4848229090366086cc7eeb3bfc0798.php 第 79 行.
NOTIC: [8] Undefined index: banid E:\aixin\1201\Home\Runtime\Cache\7e4848229090366086cc7eeb3bfc0798.php 第 79 行.
NOTIC: [8] Undefined index: banid E:\aixin\1201\Home\Runtime\Cache\7e4848229090366086cc7eeb3bfc0798.php 第 79 行.
NOTIC: [8] Undefined index: car E:\aixin\1201\Home\Runtime\Cache\7e4848229090366086cc7eeb3bfc0798.php 第 149 行.
INFO: Run ParseTemplate Behavior [ RunTime:0.061004s ]
INFO: [ view_parse ] --END-- [ RunTime:0.061004s ]
INFO: [ view_filter ] --START--
INFO: Run ContentReplace Behavior [ RunTime:0.002000s ]
INFO: Run TokenBuild Behavior [ RunTime:0.001000s ]
INFO: Run WriteHtmlCache Behavior [ RunTime:0.001000s ]
INFO: Run ShowRuntime Behavior [ RunTime:0.001000s ]
INFO: [ view_filter ] --END-- [ RunTime:0.006000s ]
INFO: [ view_end ] --START--
INFO: Run ShowPageTrace Behavior [ RunTime:0.002000s ]
INFO: [ view_end ] --END-- [ RunTime:0.002000s ]

[ 2013-08-14T21:07:34+08:00 ] 127.0.0.1 /index.php/Public/login
INFO: [ route_check ] --START--
INFO: Run CheckRoute Behavior [ RunTime:0.002000s ]
INFO: [ route_check ] --END-- [ RunTime:0.002000s ]
INFO: [ app_begin ] --START--
INFO: Run ReadHtmlCache Behavior [ RunTime:0.002000s ]
INFO: [ app_begin ] --END-- [ RunTime:0.003000s ]
SQL: SHOW COLUMNS FROM `think_ad` [ RunTime:0.004000s ]
SQL: SELECT * FROM `think_ad` ORDER BY id desc   [ RunTime:0.000000s ]
SQL: SHOW COLUMNS FROM `think_ban` [ RunTime:0.006000s ]
SQL: SELECT * FROM `think_ban` ORDER BY ban_order desc ,id asc   [ RunTime:0.001000s ]
INFO: [ view_template ] --START--
INFO: Run LocationTemplate Behavior [ RunTime:0.002000s ]
INFO: [ view_template ] --END-- [ RunTime:0.002000s ]
INFO: [ view_parse ] --START--
NOTIC: [8] Undefined index: car E:\aixin\1201\Home\Runtime\Cache\0dfe87cf1c60e8488acb6f3f2f5ad216.php 第 39 行.
NOTIC: [8] Undefined index: banid E:\aixin\1201\Home\Runtime\Cache\0dfe87cf1c60e8488acb6f3f2f5ad216.php 第 79 行.
NOTIC: [8] Undefined index: banid E:\aixin\1201\Home\Runtime\Cache\0dfe87cf1c60e8488acb6f3f2f5ad216.php 第 79 行.
NOTIC: [8] Undefined index: banid E:\aixin\1201\Home\Runtime\Cache\0dfe87cf1c60e8488acb6f3f2f5ad216.php 第 79 行.
NOTIC: [8] Undefined index: banid E:\aixin\1201\Home\Runtime\Cache\0dfe87cf1c60e8488acb6f3f2f5ad216.php 第 79 行.
NOTIC: [8] Undefined index: banid E:\aixin\1201\Home\Runtime\Cache\0dfe87cf1c60e8488acb6f3f2f5ad216.php 第 79 行.
INFO: Run ParseTemplate Behavior [ RunTime:0.030002s ]
INFO: [ view_parse ] --END-- [ RunTime:0.030002s ]
INFO: [ view_filter ] --START--
INFO: Run ContentReplace Behavior [ RunTime:0.001000s ]
INFO: Run TokenBuild Behavior [ RunTime:0.002000s ]
INFO: Run WriteHtmlCache Behavior [ RunTime:0.000000s ]
INFO: Run ShowRuntime Behavior [ RunTime:0.001000s ]
INFO: [ view_filter ] --END-- [ RunTime:0.005000s ]
INFO: [ view_end ] --START--
INFO: Run ShowPageTrace Behavior [ RunTime:0.001000s ]
INFO: [ view_end ] --END-- [ RunTime:0.001000s ]

[ 2013-08-14T21:07:34+08:00 ] 127.0.0.1 /index.php/Public/code
INFO: [ route_check ] --START--
INFO: Run CheckRoute Behavior [ RunTime:0.001001s ]
INFO: [ route_check ] --END-- [ RunTime:0.002001s ]
INFO: [ app_begin ] --START--
INFO: Run ReadHtmlCache Behavior [ RunTime:0.002000s ]
INFO: [ app_begin ] --END-- [ RunTime:0.002000s ]
SQL: SHOW COLUMNS FROM `think_ad` [ RunTime:0.004000s ]
SQL: SELECT * FROM `think_ad` ORDER BY id desc   [ RunTime:0.000000s ]
SQL: SHOW COLUMNS FROM `think_ban` [ RunTime:0.005001s ]
SQL: SELECT * FROM `think_ban` ORDER BY ban_order desc ,id asc   [ RunTime:0.001000s ]

[ 2013-08-14T21:07:36+08:00 ] 127.0.0.1 /index.php
INFO: [ app_begin ] --START--
INFO: Run ReadHtmlCache Behavior [ RunTime:0.001000s ]
INFO: [ app_begin ] --END-- [ RunTime:0.002000s ]
SQL: SHOW COLUMNS FROM `think_ad` [ RunTime:0.005001s ]
SQL: SELECT * FROM `think_ad` ORDER BY id desc   [ RunTime:0.001000s ]
SQL: SHOW COLUMNS FROM `think_ban` [ RunTime:0.004000s ]
SQL: SELECT * FROM `think_ban` ORDER BY ban_order desc ,id asc   [ RunTime:0.000000s ]
SQL: SHOW COLUMNS FROM `think_shop` [ RunTime:0.004000s ]
SQL: SELECT * FROM `think_shop` WHERE ( is_hot=1  ) ORDER BY shop_order desc ,id desc LIMIT 6   [ RunTime:0.001000s ]
SQL: SELECT * FROM `think_shop` WHERE ( is_hot=0  ) ORDER BY shop_order desc ,id desc LIMIT 6   [ RunTime:0.001000s ]
SQL: SHOW COLUMNS FROM `think_order` [ RunTime:0.005000s ]
SQL: SELECT * FROM `think_order` ORDER BY id desc LIMIT 10   [ RunTime:0.001000s ]
SQL: SHOW COLUMNS FROM `think_news` [ RunTime:0.004001s ]
SQL: SELECT * FROM `think_news` WHERE ( `newstype` = 0 ) AND ( `ishot` = 1 ) ORDER BY ishot desc,createtime desc LIMIT 10   [ RunTime:0.000000s ]
SQL: SELECT * FROM `think_news` WHERE ( `newstype` = 0 ) AND ( `ishot` = 0 ) ORDER BY createtime desc  LIMIT 10   [ RunTime:0.000000s ]
INFO: [ view_template ] --START--
INFO: Run LocationTemplate Behavior [ RunTime:0.001000s ]
INFO: [ view_template ] --END-- [ RunTime:0.002000s ]
INFO: [ view_parse ] --START--
NOTIC: [8] Undefined index: car E:\aixin\1201\Home\Runtime\Cache\7e4848229090366086cc7eeb3bfc0798.php 第 39 行.
NOTIC: [8] Undefined index: banid E:\aixin\1201\Home\Runtime\Cache\7e4848229090366086cc7eeb3bfc0798.php 第 79 行.
NOTIC: [8] Undefined index: banid E:\aixin\1201\Home\Runtime\Cache\7e4848229090366086cc7eeb3bfc0798.php 第 79 行.
NOTIC: [8] Undefined index: banid E:\aixin\1201\Home\Runtime\Cache\7e4848229090366086cc7eeb3bfc0798.php 第 79 行.
NOTIC: [8] Undefined index: banid E:\aixin\1201\Home\Runtime\Cache\7e4848229090366086cc7eeb3bfc0798.php 第 79 行.
NOTIC: [8] Undefined index: banid E:\aixin\1201\Home\Runtime\Cache\7e4848229090366086cc7eeb3bfc0798.php 第 79 行.
NOTIC: [8] Undefined index: car E:\aixin\1201\Home\Runtime\Cache\7e4848229090366086cc7eeb3bfc0798.php 第 149 行.
INFO: Run ParseTemplate Behavior [ RunTime:0.060003s ]
INFO: [ view_parse ] --END-- [ RunTime:0.060003s ]
INFO: [ view_filter ] --START--
INFO: Run ContentReplace Behavior [ RunTime:0.001000s ]
INFO: Run TokenBuild Behavior [ RunTime:0.001001s ]
INFO: Run WriteHtmlCache Behavior [ RunTime:0.000000s ]
INFO: Run ShowRuntime Behavior [ RunTime:0.001000s ]
INFO: [ view_filter ] --END-- [ RunTime:0.005001s ]
INFO: [ view_end ] --START--
INFO: Run ShowPageTrace Behavior [ RunTime:0.001000s ]
INFO: [ view_end ] --END-- [ RunTime:0.002000s ]

